<?xml version="1.0" encoding="UTF-8"?>
<testng-results skipped="0" failed="0" ignored="0" total="1" passed="1">
  <reporter-output>
  </reporter-output>
  <suite name="Suite" duration-ms="7051" started-at="2018-04-23T15:08:11Z" finished-at="2018-04-23T15:08:18Z">
    <groups>
    </groups>
    <test name="Test" duration-ms="7051" started-at="2018-04-23T15:08:11Z" finished-at="2018-04-23T15:08:18Z">
      <class name="com.internal.testing.internal_testing.AppTest">
        <test-method status="PASS" signature="beforeTest()[pri:0, instance:com.internal.testing.internal_testing.AppTest@64bfbc86]" name="beforeTest" is-config="true" duration-ms="3341" started-at="2018-04-23T15:08:11Z" finished-at="2018-04-23T15:08:15Z">
          <reporter-output>
          </reporter-output>
        </test-method> <!-- beforeTest -->
        <test-method status="PASS" signature="testEasy()[pri:0, instance:com.internal.testing.internal_testing.AppTest@64bfbc86]" name="testEasy" duration-ms="2680" started-at="2018-04-23T15:08:15Z" finished-at="2018-04-23T15:08:17Z">
          <reporter-output>
          </reporter-output>
        </test-method> <!-- testEasy -->
        <test-method status="PASS" signature="afterTest()[pri:0, instance:com.internal.testing.internal_testing.AppTest@64bfbc86]" name="afterTest" is-config="true" duration-ms="1008" started-at="2018-04-23T15:08:17Z" finished-at="2018-04-23T15:08:18Z">
          <reporter-output>
          </reporter-output>
        </test-method> <!-- afterTest -->
      </class> <!-- com.internal.testing.internal_testing.AppTest -->
    </test> <!-- Test -->
  </suite> <!-- Suite -->
</testng-results>
